<?xml version="1.0" encoding="UTF-8"?>
<!-- Generated by org.testng.reporters.JUnitXMLReporter -->
<testsuite ignored="2" hostname="DESKTOP-J0E8IM1" failures="0" tests="3" name="FullSuiteFirefox" time="6.566" errors="0" timestamp="2024-02-15T13:41:11 GMT">
  <testcase classname="tests.testAddRemoveElement" name="testAddRemoveURL" time="0.255"/>
  <testcase classname="tests.testAddRemoveElement" name="testAddElementBtn" time="0.35"/>
  <testcase classname="tests.testAddRemoveElement" name="testRemoveElementBtn" time="0.291"/>
  <testcase classname="tests.testAddRemoveElement" name="testRemoveElementBtnMulti" time="0.0">
    <ignored/>
  </testcase> <!-- testRemoveElementBtnMulti -->
  <testcase classname="tests.testAddRemoveElement" name="testAddElementBtnMulti" time="0.0">
    <ignored/>
  </testcase> <!-- testAddElementBtnMulti -->
</testsuite> <!-- FullSuiteFirefox -->
