<?xml version="1.0" encoding="UTF-8"?>
<!-- Generated by org.testng.reporters.JUnitXMLReporter -->
<testsuite ignored="2" hostname="DESKTOP-J0E8IM1" failures="0" tests="5" name="Test" time="11.783" errors="0" timestamp="2024-02-15T13:56:18 GMT">
  <testcase classname="tests.basictest" name="test1_OpenBrowser" time="1.602"/>
  <testcase classname="tests.basictest" name="test2_TestingPOM" time="0.209"/>
  <testcase classname="tests.testAddRemoveElement" name="testAddRemoveURL" time="0.254"/>
  <testcase classname="tests.testAddRemoveElement" name="testAddElementBtn" time="0.364"/>
  <testcase classname="tests.testAddRemoveElement" name="testRemoveElementBtn" time="0.289"/>
  <testcase classname="tests.testAddRemoveElement" name="testRemoveElementBtnMulti" time="0.0">
    <ignored/>
  </testcase> <!-- testRemoveElementBtnMulti -->
  <testcase classname="tests.testAddRemoveElement" name="testAddElementBtnMulti" time="0.0">
    <ignored/>
  </testcase> <!-- testAddElementBtnMulti -->
</testsuite> <!-- Test -->
