<?xml version="1.0" encoding="UTF-8"?>
<testng-results ignored="2" total="7" passed="5" failed="0" skipped="0">
  <reporter-output>
  </reporter-output>
  <suite started-at="2024-02-15T13:56:06 GMT" name="Suite" finished-at="2024-02-15T13:56:18 GMT" duration-ms="11783">
    <groups>
    </groups>
    <test started-at="2024-02-15T13:56:06 GMT" name="Test" finished-at="2024-02-15T13:56:18 GMT" duration-ms="11783">
      <class name="tests.testAddRemoveElement">
        <test-method is-config="true" signature="setup()[pri:0, instance:tests.testAddRemoveElement@45099dd3]" started-at="2024-02-15T13:56:11 GMT" name="setup" finished-at="2024-02-15T13:56:15 GMT" duration-ms="4540" status="PASS">
          <reporter-output>
          </reporter-output>
        </test-method> <!-- setup -->
        <test-method signature="testAddRemoveURL()[pri:0, instance:tests.testAddRemoveElement@45099dd3]" started-at="2024-02-15T13:56:15 GMT" name="testAddRemoveURL" finished-at="2024-02-15T13:56:15 GMT" duration-ms="254" status="PASS">
          <reporter-output>
          </reporter-output>
        </test-method> <!-- testAddRemoveURL -->
        <test-method signature="testAddElementBtn()[pri:0, instance:tests.testAddRemoveElement@45099dd3]" started-at="2024-02-15T13:56:15 GMT" name="testAddElementBtn" finished-at="2024-02-15T13:56:16 GMT" depends-on-methods="tests.testAddRemoveElement.testAddRemoveURL" duration-ms="364" status="PASS">
          <reporter-output>
          </reporter-output>
        </test-method> <!-- testAddElementBtn -->
        <test-method signature="testRemoveElementBtn()[pri:0, instance:tests.testAddRemoveElement@45099dd3]" started-at="2024-02-15T13:56:16 GMT" name="testRemoveElementBtn" finished-at="2024-02-15T13:56:16 GMT" depends-on-methods="tests.testAddRemoveElement.testAddElementBtn" duration-ms="289" status="PASS">
          <reporter-output>
          </reporter-output>
        </test-method> <!-- testRemoveElementBtn -->
        <test-method is-config="true" signature="teardown()[pri:0, instance:tests.testAddRemoveElement@45099dd3]" started-at="2024-02-15T13:56:16 GMT" name="teardown" finished-at="2024-02-15T13:56:17 GMT" duration-ms="770" status="PASS">
          <reporter-output>
          </reporter-output>
        </test-method> <!-- teardown -->
      </class> <!-- tests.testAddRemoveElement -->
      <class name="tests.basictest">
        <test-method is-config="true" signature="setup()[pri:0, instance:tests.basictest@1e0b4072]" started-at="2024-02-15T13:56:06 GMT" name="setup" finished-at="2024-02-15T13:56:09 GMT" duration-ms="2998" status="PASS">
          <reporter-output>
          </reporter-output>
        </test-method> <!-- setup -->
        <test-method signature="test1_OpenBrowser()[pri:0, instance:tests.basictest@1e0b4072]" started-at="2024-02-15T13:56:09 GMT" name="test1_OpenBrowser" finished-at="2024-02-15T13:56:10 GMT" duration-ms="1602" status="PASS">
          <reporter-output>
          </reporter-output>
        </test-method> <!-- test1_OpenBrowser -->
        <test-method signature="test2_TestingPOM()[pri:0, instance:tests.basictest@1e0b4072]" started-at="2024-02-15T13:56:10 GMT" name="test2_TestingPOM" finished-at="2024-02-15T13:56:11 GMT" depends-on-methods="tests.basictest.test1_OpenBrowser" duration-ms="209" status="PASS">
          <reporter-output>
          </reporter-output>
        </test-method> <!-- test2_TestingPOM -->
        <test-method is-config="true" signature="teardown()[pri:0, instance:tests.basictest@1e0b4072]" started-at="2024-02-15T13:56:17 GMT" name="teardown" finished-at="2024-02-15T13:56:18 GMT" duration-ms="726" status="PASS">
          <reporter-output>
          </reporter-output>
        </test-method> <!-- teardown -->
      </class> <!-- tests.basictest -->
    </test> <!-- Test -->
  </suite> <!-- Suite -->
</testng-results>
